0:100  0:100  MemLog inited, TSC freq: 3600512200
0:100  0:000  CPU was calibrated with RTC
0:100  0:000  
0:100  0:000  Now is 2.10.2018,  4:24:36 (GMT)
0:100  0:000  Starting Clover revision: 4674 on American Megatrends EFI
0:100  0:000  Build with: [Args: -D NO_GRUB_DRIVERS_EMBEDDED | -D NO_GRUB_DRIVERS_EMBEDDED -D USE_LOW_EBDA -a X64 -b RELEASE -t XCODE8 -n 5 | OS: 10.13.6 | XCODE: 10.0]
0:100  0:000  SelfDevicePath=PciRoot(0x0)\Pci(0x17,0x0)\Sata(0x1,0xFFFF,0x0)\HD(1,GPT,A9E767A0-65A1-474E-AC45-11B2B7E71A85,0x800,0x96000) @C416E498
0:100  0:000  SelfDirPath = \EFI\CLOVER
0:102  0:001  === [ Get Smbios ] ========================================
0:102  0:000  Type 16 Index = 0
0:102  0:000  Total Memory Slots Count = 2
0:102  0:000  Type 17 Index = 0
0:102  0:000  Ignoring insane frequency value 0MHz
0:102  0:000  SmbiosTable.Type17->Speed = 0MHz
0:102  0:000  SmbiosTable.Type17->Size = 0MB
0:102  0:000  SmbiosTable.Type17->Bank/Device = BANK 0 ChannelA-DIMM1
0:102  0:000  SmbiosTable.Type17->Vendor = <null string>
0:102  0:000  SmbiosTable.Type17->SerialNumber = <null string>
0:102  0:000  SmbiosTable.Type17->PartNumber = <null string>
0:102  0:000  Type 17 Index = 1
0:102  0:000  SmbiosTable.Type17->Speed = 2400MHz
0:102  0:000  SmbiosTable.Type17->Size = 8192MB
0:102  0:000  SmbiosTable.Type17->Bank/Device = BANK 2 ChannelB-DIMM1
0:102  0:000  SmbiosTable.Type17->Vendor = Kingston
0:102  0:000  SmbiosTable.Type17->SerialNumber = F03622E4
0:102  0:000  SmbiosTable.Type17->PartNumber = 9905702-017.A00G    
0:102  0:000  Boot status=0
0:102  0:000  Running on: 'System Product Name' with board 'EX-B250M-V'
0:102  0:000  === [ GetCPUProperties ] ==================================
0:102  0:000  CPU Vendor = 756E6547 Model=906E9
0:102  0:000   The CPU supported SSE4.1
0:102  0:000  BrandString = Intel(R) Core(TM) i7-7700 CPU @ 3.60GHz
0:102  0:000   The CPU supported turbo
0:102  0:000  MSR 0x35               40008
0:102  0:000   TSC/CCC Information Leaf:
0:102  0:000    numerator     : 300
0:102  0:000    denominator   : 2
0:102  0:000   Calibrated ARTFrequency: 24003414
0:102  0:000  MSR 0xE2 before patch 1E000000
0:102  0:000  MSR 0xCE              08080838_F1012400
0:102  0:000  corrected FLEX_RATIO = 0
0:102  0:000  FSBFrequency = 100 MHz, DMI FSBFrequency = 100 MHz, Corrected FSBFrequency = 100 MHz
0:102  0:000  MaxDiv/MinDiv: 36.0/8
0:102  0:000  Turbo: 40/41/41/42
0:102  0:000  Features: 0xBFEBFBFF
0:102  0:000  Threads: 8
0:102  0:000  Cores: 4
0:102  0:000  FSB: 100 MHz
0:102  0:000  CPU: 3600 MHz
0:102  0:000  TSC: 3600 MHz
0:102  0:000  PIS: 100 MHz
0:102  0:000  ExternalClock: 25 MHz
0:102  0:000  === [ GetDevices ] ========================================
0:102  0:000  PCI (00|00:00.00) : 8086 591F class=060000
0:102  0:000  PCI (00|00:01.00) : 8086 1901 class=060400
0:102  0:000  PCI (00|01:00.00) : 10DE 1D01 class=030000
0:102  0:000   - GFX: Model=Unknown family 138 (Nvidia)
0:102  0:000  PCI (00|01:00.01) : 10DE 0FB8 class=040300
0:102  0:000   - HDMI Audio: 
0:102  0:000  PCI (00|00:14.00) : 8086 A2AF class=0C0330
0:102  0:000  PCI (00|00:16.00) : 8086 A2BA class=078000
0:102  0:000  PCI (00|00:17.00) : 8086 A282 class=010601
0:102  0:000  PCI (00|00:1C.00) : 8086 A294 class=060400
0:102  0:000  PCI (00|00:1C.07) : 8086 A297 class=060400
0:102  0:000  PCI (00|03:00.00) : 10EC 8168 class=020000
0:102  0:000   - LAN: 0 Vendor=Realtek
0:102  0:000  PCI (00|00:1D.00) : 8086 A298 class=060400
0:102  0:000  PCI (00|00:1F.00) : 8086 A2C8 class=060100
0:102  0:000  PCI (00|00:1F.02) : 8086 A2A1 class=058000
0:102  0:000  PCI (00|00:1F.03) : 8086 A2F0 class=040300
0:102  0:000  PCI (00|00:1F.04) : 8086 A2A3 class=0C0500
0:102  0:000  === [ GetDefaultSettings ] ================================
0:102  0:000  Clover load options size = 136 bytes
0:134  0:031  EFI\CLOVER\WINDOWS.plist not loaded with name from LoadOptions: Not Found
0:183  0:048  EFI\CLOVER\config.plist loaded: Success
0:183  0:000  === [ GetListOfThemes ] ===================================
0:184  0:001  - [00]: embedded
0:187  0:002  - [00]: random
0:192  0:005  === [ Found config plists ] ===============================
0:193  0:001  - config.plist
0:194  0:001  - configbackup.plist
0:195  0:000  === [ GetEarlyUserSettings ] ==============================
0:195  0:000  timeout set to 5
0:195  0:000  Custom boot CUSTOM_BOOT_APPLE (0x0)
0:195  0:000  KextsToPatch: 1 requested
0:195  0:000   - [00]: KernelToPatch (Disable panic Kext logging on 10.14 Release Kernel) :: MatchOS: 10.14.x :: BinPatch :: data len: 6
0:195  0:000  Default theme: embedded
0:195  0:000  Hiding entries with string Recovery
0:195  0:000  Hiding entries with string Preboot
0:195  0:000  === [ LoadDrivers ] =======================================
0:221  0:025  Loading ApfsDriverLoader-64.efi  status=Success
0:227  0:005   - driver needs connecting
0:227  0:000  Loading AppleImageCodec-64.efi  status=Success
0:231  0:004  Loading AppleKeyAggregator-64.efi  status=Success
0:235  0:003  Loading AppleKeyFeeder-64.efi  status=Success
0:239  0:004  Loading AppleUITheme-64.efi  status=Success
0:244  0:004  Loading AptioMemoryFix-64.efi  status=Success
0:248  0:003  Loading DataHubDxe-64.efi  status=Success
0:253  0:005  Loading FirmwareVolume-64.efi  status=Success
0:257  0:003  Loading FSInject-64.efi  status=Success
0:262  0:004  Loading NvmExpressDxe-64.efi  status=Success
0:266  0:003   - driver needs connecting
0:266  0:000  Loading Ps2MouseDxe-64.efi  status=Success
0:270  0:004   - driver needs connecting
0:270  0:000  Loading SMCHelper-64.efi  status=Success
0:274  0:004  Loading UsbKbDxe-64.efi  status=Success
0:279  0:004   - driver needs connecting
0:279  0:000  Loading UsbMouseDxe-64.efi  status=Success
0:282  0:003   - driver needs connecting
0:282  0:000  Loading VBoxHfs-64.efi  status=Success
0:287  0:004   - driver needs connecting
0:287  0:000  Loading HFSPlus-64.efi  status=Success
0:320  0:032   - driver needs connecting
0:320  0:000  7 drivers needs connecting ...
0:320  0:000  PlatformDriverOverrideProtocol->GetDriver overriden
0:320  0:000  HFS+ driver loaded
0:320  0:000  APFS driver loaded
0:320  0:000  Searching for invalid DiskIo BY_DRIVER connects: not found, all ok
1:083  0:763  === [ InitScreen ] ========================================
1:083  0:000  SetScreenResolution: 2560x1600 - not found!
1:083  0:000  SetMaxResolution: found best mode 0: 800x600
1:083  0:000   - already set
1:083  0:000  Console modes reported: 4, available modes:
1:083  0:000   - [01]: 80x25 (current mode)
1:083  0:000   - [03]: 100x31
1:083  0:000   - [04]: 100x31
1:083  0:000  reinit: self device path=PciRoot(0x0)\Pci(0x17,0x0)\Sata(0x1,0xFFFF,0x0)\HD(1,GPT,A9E767A0-65A1-474E-AC45-11B2B7E71A85,0x800,0x96000)
1:085  0:002  Using embedded font: Success
1:086  0:000  === [ GetMacAddress ] =====================================
1:086  0:000  === [ ScanSPD ] ===========================================
1:086  0:000  SMBus device : 8086 A2A3 class=0C0500 status=Success
1:086  0:000  SMBus CmdReg: 0x3
1:086  0:000  Scanning SMBus [8086:A2A3], mmio: 0xF722A004, ioport: 0xF000, hostc: 0x11
1:086  0:000  Slots to scan [8]...
1:087  0:000  SPD[2]: Type 12 @0x52
1:105  0:017  Not using XMP because it is not present
1:105  0:000  DDR speed 2400MHz
1:105  0:000  Slot: 2 Type 26 8192MB 2400MHz Vendor=Kingston PartNo=9905702-017.A00G SerialNo=0F00030602020E04
1:106  0:000  === [ GetAcpiTablesList ] =================================
1:106  0:000  Get Acpi Tables List from RSDT:
1:106  0:000   - [00]: FACP  A M I  len=132
1:106  0:000   - [01]: APIC  A M I  len=188
1:106  0:000   - [02]: FPDT  A M I  len=68
1:106  0:000   - [03]: FIDT  A M I len=156
1:106  0:000   - [04]: WSMT  A M I  len=40
1:106  0:000   - [05]: MCFG  A M I  len=60
1:106  0:000   - [06]: SSDT  SataTabl len=931
1:106  0:000   - [07]: SSDT  SaSsdt  len=12387
1:106  0:000   - [08]: SSDT  PegSsdt len=9637
1:106  0:000   - [09]: HPET  KBL len=56
1:106  0:000   - [10]: SSDT  OEM_RTD3 len=36
1:106  0:000   - [11]: SSDT  Ther_Rvp len=3557
1:106  0:000   - [12]: SSDT  xh_rvp08 len=2843
1:106  0:000   - [13]: UEFI  A M I  len=66
1:106  0:000   - [14]: SSDT  CpuSsdt len=3806
1:106  0:000   - [15]: LPIT  KBL len=148
1:106  0:000   - [16]: SSDT  HdaDsp len=321
1:106  0:000   - [17]: SSDT  sensrhub len=671
1:106  0:000   - [18]: SSDT  PtidDevc len=12290
1:106  0:000   - [19]: SSDT  TbtTypeC len=1293
1:106  0:000   - [20]: DBGP   len=52
1:106  0:000   - [21]: DBG2   len=84
1:106  0:000   - [22]: BGRT  A M I  len=56
1:106  0:000  Calibrated TSC Frequency = 3600512200 = 3600MHz
1:106  0:000  === [ GetUserSettings ] ===================================
1:106  0:000  USB FixOwnership: yes
1:106  0:000  Dropping 3 tables:
1:106  0:000   - [00]: Drop table  signature="DMAR" (52414D44)
1:106  0:000           - set table: 52414D44,                0 to drop: no
1:106  0:000   - [01]: Drop table  signature="SSDT" (54445353) table-id="CpuPm" (0000006D50757043)
1:106  0:000           - set table: 54445353,       6D50757043 to drop: no
1:106  0:000   - [02]: Drop table  signature="SSDT" (54445353) table-id="Cpu0Ist" (0074734930757043)
1:106  0:000           - set table: 54445353,   74734930757043 to drop: no
1:106  0:000   - final DSDT Fix mask=1FE7B9D5
1:106  0:000  PatchesDSDT: 5 requested
1:106  0:000   - [00]: (Add _SUN property for GIGE) lenToFind: 18, lenToReplace: 25, Target Bridge: <null string>
1:106  0:000    patch disabled at config
1:106  0:000   - [01]: (Rename GFX0 to IGPU) lenToFind: 4, lenToReplace: 4, Target Bridge: <null string>
1:106  0:000   - [02]: (Rename HDEF to AZAL) lenToFind: 4, lenToReplace: 4, Target Bridge: <null string>
1:106  0:000    patch disabled at config
1:106  0:000   - [03]: (Rename oem _DSM to ZDSM) lenToFind: 4, lenToReplace: 4, Target Bridge: <null string>
1:106  0:000   - [04]: (Rename HECI to IMEI) lenToFind: 4, lenToReplace: 4, Target Bridge: <null string>
1:106  0:000  Devices to rename 1
1:106  0:000  PXSX:RP01:PCI0:#_SB:->will be renamed to ARPT
1:106  0:000  Using ProductName from config: iMac18,3
1:106  0:000  Found same BiosVersion in clover and config
1:106  0:000  BiosVersion: IM183.88Z.0161.B00.1806260901
1:106  0:000  BiosReleaseDate: 06/26/2018
1:106  0:000  Using FirmwareFeatures from config: 0xFC0FE137
1:106  0:000  Using FirmwareFeaturesMask from config: 0xFF1FFF3F
1:106  0:000  Board-ID set from config as Mac-BE088AF8C5EB4FA2
1:106  0:000  BoardType: 0xA
1:106  0:000  ChassisType: 0x9
1:106  0:000  Converted CustomUUID 511CE202-1100-4002-9988-060606080808
1:108  0:002  === [ Found DSDT tables ] =================================
1:455  0:346  === [ ScanVolumes ] =======================================
1:455  0:000  Found 10 volumes with blockIO
1:455  0:000  - [00]: Volume: PciRoot(0x0)\Pci(0x17,0x0)\Sata(0x1,0xFFFF,0x0)
1:464  0:009  - [01]: Volume: PciRoot(0x0)\Pci(0x17,0x0)\Sata(0x1,0xFFFF,0x0)\HD(1,GPT,A9E767A0-65A1-474E-AC45-11B2B7E71A85,0x800,0x96000)
1:472  0:008          Result of bootcode detection: bootable Windows (vista,win)
1:488  0:015          This is SelfVolume !!
1:488  0:000  - [02]: Volume: PciRoot(0x0)\Pci(0x17,0x0)\Sata(0x1,0xFFFF,0x0)\HD(2,GPT,CAD3083B-420B-44A8-853E-0ACA2EA7DD53,0x96800,0x40000)
1:502  0:013  - [03]: Volume: PciRoot(0x0)\Pci(0x17,0x0)\Sata(0x1,0xFFFF,0x0)\HD(3,GPT,95D95C6F-9F0C-4682-AAAC-D43662C32F25,0xD6800,0xFA00000)
1:524  0:022          Result of bootcode detection: bootable Windows (vista,win)
1:543  0:019  - [04]: Volume: PciRoot(0x0)\Pci(0x17,0x0)\Sata(0x1,0xFFFF,0x0)\HD(4,GPT,C7A3A24D-B680-419B-B279-C28438D51871,0xFAD6800,0x1F4DB800)
1:555  0:011          Result of bootcode detection: bootable unknown (legacy)
1:555  0:000  - [05]: Volume: PciRoot(0x0)\Pci(0x17,0x0)\Sata(0x1,0xFFFF,0x0)\HD(5,GPT,EC08F9D8-1FA1-4225-A068-25AA68EE4F2E,0x2EFB2000,0x45754000)
1:585  0:029          Result of bootcode detection: bootable Windows (vista,win)
1:599  0:014  - [06]: Volume: PciRoot(0x0)\Pci(0x17,0x0)\Sata(0x1,0xFFFF,0x0)\HD(4,GPT,C7A3A24D-B680-419B-B279-C28438D51871,0xFAD6800,0x1F4DB800)\VenMedia(BE74FCF7-0B7C-49F3-9147-01F4042E6842,B96403D9C608044FAA26640587463C9B)
1:599  0:000          hiding this volume
1:599  0:000  - [07]: Volume: PciRoot(0x0)\Pci(0x17,0x0)\Sata(0x1,0xFFFF,0x0)\HD(4,GPT,C7A3A24D-B680-419B-B279-C28438D51871,0xFAD6800,0x1F4DB800)\VenMedia(BE74FCF7-0B7C-49F3-9147-01F4042E6842,6EEB3982EDF18234BAC10DAF90400F37)
1:599  0:000  - [08]: Volume: PciRoot(0x0)\Pci(0x17,0x0)\Sata(0x1,0xFFFF,0x0)\HD(4,GPT,C7A3A24D-B680-419B-B279-C28438D51871,0xFAD6800,0x1F4DB800)\VenMedia(BE74FCF7-0B7C-49F3-9147-01F4042E6842,602E43EE557C2B46A970FD4AB3443177)
1:599  0:000          hiding this volume
1:599  0:000  - [09]: Volume: PciRoot(0x0)\Pci(0x17,0x0)\Sata(0x1,0xFFFF,0x0)\HD(4,GPT,C7A3A24D-B680-419B-B279-C28438D51871,0xFAD6800,0x1F4DB800)\VenMedia(BE74FCF7-0B7C-49F3-9147-01F4042E6842,4298279E9172854ABF641D4D2B7E059B)
1:599  0:000  === [ InitTheme ] =========================================
1:599  0:000   using embedded theme
1:600  0:000  Using embedded font: Success
1:600  0:000  Chosen embedded theme
1:601  0:000  after NVRAM boot-args=-igfxbeta nv_disable=1 darkwake=0 -lilubetaall -v slide=0
1:601  0:000  === [ Dump SMC keys from NVRAM ] ==========================
1:601  0:000  found AppleSMC protocol
1:689  0:088  Registered 17 SMC keys
1:694  0:004  === [ ScanLoader ] ========================================
1:694  0:000  - [01]: 'EFI'
1:738  0:044          AddLoaderEntry for Volume Name=EFI
1:760  0:022          AddLoaderEntry for Volume Name=EFI
1:760  0:000          skipped because entry is hidden
1:760  0:000  - [03]: ''
1:761  0:000  - [05]: '° w'
1:761  0:000  - [06]: 'Preboot', hidden
1:761  0:000  - [07]: 'macOS'
2:349  0:587          AddLoaderEntry for Volume Name=macOS
2:512  0:162      Check if volume Is Hibernated:
2:512  0:000      Check sleep image 'by signature':
2:760  0:248      read prefs \Library\Preferences\com.apple.PowerManagement.plist status=Success
2:760  0:000      using default sleep image name = \private\var\vm\sleepimage
2:933  0:172      sleepimage not found -> Not Found
2:933  0:000      hibernated: no - sign
3:021  0:088  - [08]: 'Recovery', hidden
3:021  0:000  - [09]: 'VM'
3:021  0:000  === [ AddCustomTool ] =====================================
3:022  0:000  === [ GetEfiBootDeviceFromNvram ] =========================
3:023  0:001   - found entry 1. 'Boot macOS from macOS', Volume 'macOS', DevicePath 'PciRoot(0x0)\Pci(0x17,0x0)\Sata(0x1,0xFFFF,0x0)\HD(4,GPT,C7A3A24D-B680-419B-B279-C28438D51871,0xFAD6800,0x1F4DB800)\VenMedia(BE74FCF7-0B7C-49F3-9147-01F4042E6842,6EEB3982EDF18234BAC10DAF90400F37)\System\Library\CoreServices\boot.efii'
3:023  0:000  DefaultIndex=1 and MainMenu.EntryCount=6
3:043  0:020  MouseBirth: No mouse at ConIn, checking if any other device exists
3:044  0:001  GUI ready
161:826  158:781  BootVariable of the entry is empty
161:826  0:000  === [ StartLoader ] =======================================
161:826  0:000  Finally: ExternalClock=26MHz BusSpeed=100015kHz CPUFreq=3601MHz PIS: hw.busfrequency=104000000Hz
161:826  0:000  Loading boot.efi  status=Success
162:160  0:333  GetOSVersion: 10.14 (18A391)
162:160  0:000  CSR_CFG: CSR_ALLOW_UNTRUSTED_KEXTS | CSR_ALLOW_UNRESTRICTED_FS | CSR_ALLOW_TASK_FOR_PID | CSR_ALLOW_UNRESTRICTED_DTRACE | CSR_ALLOW_UNRESTRICTED_NVRAM | CSR_ALLOW_DEVICE_CONFIGURATION | CSR_ALLOW_ANY_RECOVERY_OS | CSR_ALLOW_UNAPPROVED_KEXTS
162:160  0:000  Filtering KextPatches:
162:160  0:000   - [00]: KernelToPatch (Disable panic Kext logging on 10.14 Release Kernel) :: BinPatch :: [OS: 10.14 | MatchOS: 10.14.x | MatchBuild: All] ==> allowed
162:160  0:000  Will not patch boot.efi
162:160  0:000  === [ PatchSmbios ] =======================================
162:160  0:000  insert table 9 for dev 0:0
162:160  0:000  insert table 9 for dev 0:1
162:160  0:000  insert table 9 for dev 0:0
162:161  0:000  Trusting SMBIOS...
162:161  0:000  Detected alternating SMBIOS channel banks
162:161  0:000  Channels: 1
162:161  0:000  Interleave: 0 1 2 3 4 5 6 7 8 9 10 11 12 13 14 15 16 17 18 19 20 21 22 23
162:161  0:000  SMBIOS Type 17 Index = 0 => 0 0:
162:161  0:000  BANK 0 DIMM0 EMPTY
162:161  0:000   partNum=9905702-017.A00G    
162:161  0:000  SMBIOS Type 17 Index = 1 => 1 1:
162:161  0:000  BANK 0 DIMM1 2400MHz 8192MB
162:161  0:000  mTotalSystemMemory = 8192
162:161  0:000  NumberOfMemoryDevices = 2
162:161  0:000  Type20[0]->End = 0x7FFFFF, Type17[1] = 0x2000
162:161  0:000  Table 131 is present, CPUType=35
162:161  0:000  Change to: 705
162:161  0:000  === [ PatchACPI ] =========================================
162:161  0:000  Xsdt reallocation done
162:161  0:000  old FADT length=114
162:161  0:000   SignatureFixup: 0x9D8A1108 -> 0x0
162:161  0:000  Found OperationRegion(GNVS, SystemMemory, C761C000, ...)
162:161  0:000  Found OperationRegion(CPSB, SystemMemory, C717EF98, ...)
162:161  0:000  Found OperationRegion(PNVA, SystemMemory, C7621018, ...)
162:161  0:000  Found OperationRegion(THBA, SystemMemory, FE200000, ...)
162:162  0:000  Found OperationRegion(ITSS, SystemMemory, FDC43100, ...)
162:162  0:000  Found OperationRegion(RAMW, SystemMemory, C72FA018, ...)
162:162  0:000  Found OperationRegion(RAMX, SystemMemory, C7202018, ...)
162:162  0:000  Found OperationRegion(ABNV, SystemMemory, FFFF0000, ...)
162:162  0:000  Found OperationRegion(TMMB, SystemMemory, FED40000, ...)
162:162  0:000  Found OperationRegion(CRBD, SystemMemory, FED40000, ...)
162:162  0:000  Found OperationRegion(TPMR, SystemMemory, FFFFFFFF, ...)
162:162  0:000  Found OperationRegion(ATNV, SystemMemory, FFFF0000, ...)
162:166  0:003  Apply DsdtFixMask=0x1FE7B9D5
162:166  0:000     drop _DSM mask=0x0020
162:166  0:000  === [ FixBiosDsdt ] =======================================
162:166  0:000  VideoCard devID=0x1D0110DE
162:166  0:000  DisplayADR1[0] = 0x10000, DisplayADR2[0] = 0x0
162:166  0:000  USBADR[0] = 0x140000 and PCIe = 0xFFFE
162:179  0:013  Patching DSDT:
162:179  0:000   - [Add _SUN property for GIGE]: disabled
162:179  0:000   - [Rename GFX0 to IGPU]: pattern 47465830, patched at: [ (51) (12) (12) (12) (12) (12) (12) (12) (12) (12) (12) (12) (12) (12) (6A) (12) (379) (12) (50) (3AC3) (77F9) (7551) (1B) (33AB) (14) (8B49) (1578) (4242) ]
162:179  0:000   - [Rename HDEF to AZAL]: disabled
162:179  0:000   - [Rename oem _DSM to ZDSM]: pattern 5F44534D, patched at: [ (40B8) (1263) (3FE) (3FE) (3FE) (3FE) (3FE) (3FE) (3FE) (3FE) (3FE) (3FE) (3FE) (3FE) (3FE) (3FE) (3FE) (3FE) (3FE) (3FE) (3FE) (3FE) (3FE) (3FE) (3FE) (1C5A) (91) (29) (727) (10D) (6) (713) (550) (11) (53) (22) (22) (33) (36) (24) (23D6) (D3) (D3) (D3) (D3) (D3) (BE) (BE) (CC) (104) (104) (2B2) (603) (F2D) (14A) (9D) (58) (73) (3910) (720) (6CA) (6CA) (6CA) (6E3) (6CA) (6CA) (6CA) (6E3) (6CA) (6CA) (6CA) (6CA) (6CA) (6CA) (6CA) (6CA) (6CA) (6CA) (6CA) (21EF) (411C) ]
162:179  0:000   - [Rename HECI to IMEI]: pattern 48454349, patched at: [ (12909) ]
162:179  0:000  Name: PXSX, Bridge: RP01, Replace: ARPT
162:179  0:000  found Name @ 0x5552
162:179  0:000  found Name @ 0x55C2
162:179  0:000  found Name @ 0x5619
162:179  0:000  found Name @ 0x5954
162:180  0:000  found Name @ 0x59C4
162:180  0:000  found Name @ 0x5A1B
162:180  0:000  found Name @ 0x5D56
162:180  0:000  found Name @ 0x5DC6
162:180  0:000  found Name @ 0x5E1D
162:180  0:000  found Name @ 0x6158
162:180  0:000  found Name @ 0x61C8
162:180  0:000  found Name @ 0x621F
162:180  0:000  found Name @ 0x655A
162:180  0:000  found Name @ 0x65CA
162:180  0:000  found Name @ 0x6621
162:180  0:000  found Name @ 0x695C
162:180  0:000  found Bridge device begin=6666 end=6A66
162:180  0:000  found Name @ 0x69CC
162:180  0:000  found Bridge device begin=6666 end=6A66
162:180  0:000  found Name @ 0x6A23
162:180  0:000  found Bridge device begin=6666 end=6A66
162:180  0:000  found Name @ 0x6D5E
162:180  0:000  found Name @ 0x6DCE
162:180  0:000  found Name @ 0x6E25
162:180  0:000  found Name @ 0x7160
162:180  0:000  found Name @ 0x71D0
162:180  0:000  found Name @ 0x7227
162:180  0:000  found Name @ 0x7562
162:180  0:000  found Name @ 0x75D2
162:180  0:000  found Name @ 0x7629
162:180  0:000  found Name @ 0x7964
162:180  0:000  found Name @ 0x79D4
162:180  0:000  found Name @ 0x7A2B
162:180  0:000  found Name @ 0x7D66
162:180  0:000  found Name @ 0x7DD6
162:180  0:000  found Name @ 0x7E2D
162:180  0:000  found Name @ 0x8168
162:180  0:000  found Name @ 0x81D8
162:180  0:000  found Name @ 0x822F
162:180  0:000  found Name @ 0x856A
162:180  0:000  found Name @ 0x85DA
162:180  0:000  found Name @ 0x8631
162:180  0:000  found Name @ 0x896C
162:180  0:000  found Name @ 0x89DC
162:180  0:000  found Name @ 0x8A33
162:180  0:000  found Name @ 0x8D6E
162:180  0:000  found Name @ 0x8DDE
162:181  0:000  found Name @ 0x8E35
162:181  0:000  found Name @ 0x9170
162:181  0:000  found Name @ 0x91E0
162:181  0:000  found Name @ 0x9237
162:181  0:000  found Name @ 0x9572
162:181  0:000  found Name @ 0x95E2
162:181  0:000  found Name @ 0x9639
162:181  0:000  found Name @ 0x9974
162:181  0:000  found Name @ 0x99E4
162:181  0:000  found Name @ 0x9A3B
162:181  0:000  found Name @ 0x9D76
162:181  0:000  found Name @ 0x9DE6
162:181  0:000  found Name @ 0x9E3D
162:181  0:000  found Name @ 0xA178
162:181  0:000  found Name @ 0xA1E8
162:181  0:000  found Name @ 0xA23F
162:181  0:000  found Name @ 0xA57A
162:181  0:000  found Name @ 0xA5EA
162:181  0:000  found Name @ 0xA641
162:181  0:000  found Name @ 0xA97C
162:181  0:000  found Name @ 0xA9EC
162:181  0:000  found Name @ 0xAA43
162:181  0:000  found Name @ 0xAD7E
162:181  0:000  found Name @ 0xADEE
162:181  0:000  found Name @ 0xAE45
162:181  0:000  found Name @ 0xB180
162:181  0:000  found Name @ 0xB1F0
162:181  0:000  found Name @ 0xB247
162:182  0:000  found Name @ 0x1648D
162:182  0:000  found Name @ 0x164A3
162:182  0:000  found Name @ 0x165D7
162:182  0:000  found Name @ 0x165EF
162:182  0:000  found Name @ 0x16604
162:182  0:000  found Name @ 0x1661A
162:182  0:000  found Name @ 0x16B71
162:182  0:000  found Name @ 0x16CA5
162:182  0:000  found Name @ 0x16CBD
162:182  0:000  found Name @ 0x16CD2
162:182  0:000  found Name @ 0x16CE8
162:182  0:000  found Name @ 0x1723F
162:182  0:000  found Name @ 0x17373
162:182  0:000  found Name @ 0x1738B
162:183  0:000  found Name @ 0x173A0
162:183  0:000  found Name @ 0x173B6
162:183  0:000  found Name @ 0x1790D
162:183  0:000  found Name @ 0x17A41
162:183  0:000  found Name @ 0x17A59
162:183  0:000  found Name @ 0x17A6E
162:183  0:000  found Name @ 0x17A84
162:183  0:000  found Name @ 0x17FDE
162:183  0:000  found Name @ 0x17FF4
162:183  0:000  found Name @ 0x18128
162:183  0:000  found Name @ 0x18140
162:183  0:000  found Name @ 0x18155
162:184  0:000  found Name @ 0x1816B
162:184  0:000  found Name @ 0x186C2
162:184  0:000  found Name @ 0x187F6
162:184  0:000  found Name @ 0x1880E
162:184  0:000  found Name @ 0x18823
162:184  0:000  found Name @ 0x18839
162:184  0:000  found Name @ 0x18D90
162:184  0:000  found Name @ 0x18EC4
162:184  0:000  found Name @ 0x18EDC
162:184  0:000  found Name @ 0x18EF1
162:184  0:000  found Name @ 0x18F07
162:184  0:000  found Name @ 0x1945E
162:185  0:000  found Name @ 0x19592
162:185  0:000  found Name @ 0x195AA
162:185  0:000  found Name @ 0x195BF
162:185  0:000  found Name @ 0x195D5
162:185  0:000  found Name @ 0x19B2F
162:185  0:000  found Name @ 0x19B45
162:185  0:000  found Name @ 0x19C79
162:185  0:000  found Name @ 0x19C91
162:185  0:000  found Name @ 0x19CA6
162:185  0:000  found Name @ 0x19CBC
162:186  0:000  found Name @ 0x1A213
162:186  0:000  found Name @ 0x1A347
162:186  0:000  found Name @ 0x1A35F
162:186  0:000  found Name @ 0x1A374
162:186  0:000  found Name @ 0x1A38A
162:186  0:000  found Name @ 0x1A8E1
162:186  0:000  found Name @ 0x1AA15
162:186  0:000  found Name @ 0x1AA2D
162:186  0:000  found Name @ 0x1AA42
162:186  0:000  found Name @ 0x1AA58
162:186  0:000  found Name @ 0x1AFAF
162:187  0:000  found Name @ 0x1B0E3
162:187  0:000  found Name @ 0x1B0FB
162:187  0:000  found Name @ 0x1B110
162:187  0:000  found Name @ 0x1B126
162:187  0:000  found Name @ 0x1B67D
162:187  0:000  found Name @ 0x1B7B1
162:187  0:000  found Name @ 0x1B7C9
162:187  0:000  found Name @ 0x1B7DE
162:187  0:000  found Name @ 0x1B7F4
162:187  0:000  found Name @ 0x1BD4B
162:188  0:000  found Name @ 0x1BE7F
162:188  0:000  found Name @ 0x1BE97
162:188  0:000  found Name @ 0x1BEAC
162:188  0:000  found Name @ 0x1BEC2
162:188  0:000  found Name @ 0x1C419
162:188  0:000  found Name @ 0x1C54D
162:188  0:000  found Name @ 0x1C565
162:188  0:000  found Name @ 0x1C57A
162:188  0:000  found Name @ 0x1C590
162:188  0:000  found Name @ 0x1CAE7
162:188  0:000  found Name @ 0x1CC1B
162:189  0:000  found Name @ 0x1CC33
162:189  0:000  found Name @ 0x1CC48
162:189  0:000  found Name @ 0x1CC5E
162:189  0:000  found Name @ 0x1D1B5
162:189  0:000  found Name @ 0x1D2E9
162:189  0:000  found Name @ 0x1D301
162:189  0:000  found Name @ 0x1D316
162:189  0:000  found Name @ 0x1D32C
162:189  0:000  found Name @ 0x1D883
162:189  0:000  found Name @ 0x1D9B7
162:190  0:000  found Name @ 0x1D9CF
162:190  0:000  found Name @ 0x1D9E4
162:190  0:000  found Name @ 0x1D9FA
162:190  0:000  found Name @ 0x1DF51
162:190  0:000  found Name @ 0x1E085
162:190  0:000  found Name @ 0x1E09D
162:190  0:000  found Name @ 0x1E0B2
162:190  0:000  found Name @ 0x1E0C8
162:190  0:000  found Name @ 0x1E61F
162:191  0:000  found Name @ 0x1E753
162:191  0:000  found Name @ 0x1E76B
162:191  0:000  found Name @ 0x1E780
162:191  0:000  found Name @ 0x1E796
162:191  0:000  found Name @ 0x1EF99
162:191  0:000  found Name @ 0x1EFAF
162:191  0:000  found Name @ 0x1F07D
162:191  0:000  found Name @ 0x1F14B
162:191  0:000  found Name @ 0x1F219
162:191  0:000  found Name @ 0x1F2EA
162:191  0:000  found Name @ 0x1F300
162:191  0:000  found Name @ 0x1F3CE
162:192  0:000  found Name @ 0x1F49C
162:192  0:000  found Name @ 0x1F56A
162:192  0:000  found Name @ 0x1F63B
162:192  0:000  found Name @ 0x1F651
162:192  0:000  found Name @ 0x1F71F
162:192  0:000  found Name @ 0x1F7ED
162:192  0:000  found Name @ 0x1F8BB
162:192  0:000  found Name @ 0x1F989
162:192  0:000  found Name @ 0x1FA57
162:193  0:000  found Name @ 0x1FB25
162:193  0:000  found Name @ 0x1FBF3
162:193  0:000  found Name @ 0x1FCC1
162:193  0:000  found Name @ 0x1FD8F
162:193  0:000  found Name @ 0x1FE5D
162:193  0:000  found Name @ 0x1FF2B
162:193  0:000  found Name @ 0x204CA
162:193  0:000  found Name @ 0x204EF
162:193  0:000  found Name @ 0x20514
162:194  0:000  found Name @ 0x20539
162:194  0:000  found Name @ 0x2055E
162:194  0:000  found Name @ 0x20583
162:194  0:000  found Name @ 0x205A8
162:194  0:000  found Name @ 0x205CD
162:194  0:000  found Name @ 0x205F2
162:194  0:000  found Name @ 0x20617
162:194  0:000  found Name @ 0x2063C
162:194  0:000  found Name @ 0x20661
162:195  0:000  found Name @ 0x20686
162:195  0:000  found Name @ 0x206AB
162:195  0:000  found Name @ 0x206D0
162:195  0:000  found Name @ 0x206F5
162:195  0:000  found Name @ 0x2071A
162:195  0:000  found Name @ 0x2073F
162:195  0:000  found Name @ 0x20764
162:195  0:000  found Name @ 0x20789
162:195  0:000  found Name @ 0x20922
162:196  0:000  found Name @ 0x20956
162:196  0:000  found Name @ 0x2098A
162:196  0:000  found Name @ 0x209BE
162:196  0:000  found Name @ 0x209F2
162:196  0:000  found Name @ 0x20A26
162:196  0:000  found Name @ 0x20A5A
162:196  0:000  found Name @ 0x20A8E
162:196  0:000  found Name @ 0x20AC2
162:196  0:000  found Name @ 0x20AF6
162:197  0:000  found Name @ 0x20B2A
162:197  0:000  found Name @ 0x20B5E
162:197  0:000  found Name @ 0x20B92
162:197  0:000  found Name @ 0x20BC6
162:197  0:000  found Name @ 0x20BFA
162:197  0:000  found Name @ 0x20C2E
162:197  0:000  found Name @ 0x20C62
162:197  0:000  found Name @ 0x20C96
162:197  0:000  found Name @ 0x20CCA
162:198  0:000  found Name @ 0x20CFE
162:198  0:000  found Name @ 0x20DB6
162:198  0:000  found Name @ 0x20DCA
162:198  0:000  found Name @ 0x20DDE
162:198  0:000  found Name @ 0x20E03
162:198  0:000  found Name @ 0x20E17
162:198  0:000  found Name @ 0x20E3C
162:198  0:000  found Name @ 0x20E50
162:198  0:000  found Name @ 0x20E75
162:198  0:000  found Name @ 0x20E89
162:198  0:000  found Name @ 0x20EB3
162:198  0:000  found Name @ 0x20EC7
162:199  0:000  found Name @ 0x20EDB
162:199  0:000  found Name @ 0x20F00
162:199  0:000  found Name @ 0x20F14
162:199  0:000  found Name @ 0x20F39
162:199  0:000  found Name @ 0x20F4D
162:199  0:000  found Name @ 0x20F72
162:199  0:000  found Name @ 0x20F86
162:199  0:000  found Name @ 0x20FB0
162:199  0:000  found Name @ 0x20FC4
162:200  0:000  found Name @ 0x20FD8
162:200  0:000  found Name @ 0x20FFD
162:200  0:000  found Name @ 0x21011
162:200  0:000  found Name @ 0x21036
162:200  0:000  found Name @ 0x2104A
162:200  0:000  found Name @ 0x2106F
162:200  0:000  found Name @ 0x21083
162:200  0:000  found Name @ 0x210A8
162:200  0:000  found Name @ 0x210BC
162:201  0:000  found Name @ 0x210E1
162:201  0:000  found Name @ 0x210F5
162:201  0:000  found Name @ 0x2111A
162:201  0:000  found Name @ 0x2112E
162:201  0:000  found Name @ 0x21153
162:201  0:000  found Name @ 0x21167
162:201  0:000  found Name @ 0x2118C
162:201  0:000  found Name @ 0x211A0
162:201  0:000  found Name @ 0x211C5
162:202  0:000  found Name @ 0x211D9
162:202  0:000  found Name @ 0x211FE
162:202  0:000  found Name @ 0x21212
162:202  0:000  found Name @ 0x21237
162:202  0:000  found Name @ 0x2124B
162:202  0:000  found Name @ 0x215B3
162:202  0:000  found Name @ 0x215C7
162:202  0:000  found Name @ 0x2161C
162:202  0:000  found Name @ 0x21671
162:203  0:000  found Name @ 0x216C6
162:203  0:000  found Name @ 0x21720
162:203  0:000  found Name @ 0x21734
162:203  0:000  found Name @ 0x21789
162:203  0:000  found Name @ 0x217DE
162:203  0:000  found Name @ 0x21833
162:203  0:000  found Name @ 0x2188D
162:203  0:000  found Name @ 0x218A1
162:203  0:000  found Name @ 0x218F6
162:204  0:000  found Name @ 0x2194B
162:204  0:000  found Name @ 0x219A0
162:204  0:000  found Name @ 0x219F5
162:204  0:000  found Name @ 0x21A4A
162:204  0:000  found Name @ 0x21A9F
162:204  0:000  found Name @ 0x21AF4
162:204  0:000  found Name @ 0x21B49
162:204  0:000  found Name @ 0x21B9E
162:204  0:000  found Name @ 0x21BF3
162:205  0:000  found Name @ 0x21C48
162:205  0:000  found Name @ 0x21CB4
162:205  0:000  found Name @ 0x21CC7
162:205  0:000  found Name @ 0x21CEB
162:205  0:000  found Name @ 0x21D0F
162:205  0:000  found Name @ 0x21D33
162:205  0:000  found Name @ 0x21D5C
162:205  0:000  found Name @ 0x21D6F
162:205  0:000  found Name @ 0x21D93
162:205  0:000  found Name @ 0x21DB7
162:205  0:000  found Name @ 0x21DDB
162:205  0:000  found Name @ 0x21E04
162:205  0:000  found Name @ 0x21E17
162:206  0:000  found Name @ 0x21E3B
162:206  0:000  found Name @ 0x21E5F
162:206  0:000  found Name @ 0x21E83
162:206  0:000  found Name @ 0x21EA7
162:206  0:000  found Name @ 0x21ECB
162:206  0:000  found Name @ 0x21EEF
162:206  0:000  found Name @ 0x21F13
162:206  0:000  found Name @ 0x21F37
162:207  0:000  found Name @ 0x21F5B
162:207  0:000  found Name @ 0x21F7F
162:207  0:000  found Name @ 0x21FA3
162:207  0:000    16 replacements
162:207  0:000  first CPU found at B373 offset B376
162:207  0:000  score candidate at B36F
162:207  0:000  score inserted in acpi_cpu_score _PR_
162:207  0:000  Found ACPI CPU: CPU0 | CPU1 | CPU2 | CPU3 | CPU4 | CPU5 | CPU6 | CPU7 , within the score: _PR_
162:208  0:000  Start RTC Fix
162:208  0:000  found RTC Length not match, Maybe will cause CMOS reset will patch it.
162:208  0:000  found RTC had IRQNoFlag will move -3 bytes
162:208  0:000  ...len=252A0
162:208  0:000  new size written to 24397 shift=0 len=252A0
162:208  0:000  len after correct outers 252A0
162:208  0:000  Start TMR Fix
162:208  0:000  Start PIC Fix
162:209  0:000  PIC size=A5 at 241BF
162:209  0:000  found CRS at 241D3 size 8D
162:209  0:000  found PIC had IRQNoFlag will move -3 bytes
162:209  0:000  Fix Device PIC size -3
162:209  0:000  Start HPET Fix
162:210  0:001  Start Display0 Fix
162:210  0:000  Found internal video device 0 @4467
162:210  0:000  Creating Method(_DSM) for 10DE card
162:210  0:000  now inserting Video device
162:210  0:000  ... into existing bridge
162:210  0:000  patch Display #0 of Vendor=0x10DE
162:210  0:000  Start NetWork Fix
162:211  0:000  found NetWork device [0x001C0007:0] at 85A3 and Name is PXSX
162:211  0:000  NetworkADR1=1C0007 NetworkADR2=0
162:211  0:000  network DSM created, size=6A
162:211  0:000  Start SBUS Fix PCI=3181 len=25314
162:212  0:000  device (SBUS) found at CD15
162:212  0:000  SBUS code size fix = 0x0000005E
162:212  0:000  patch HDEF in DSDT 
162:212  0:000  Start HDA Fix
162:212  0:000  found HDA device NAME(_ADR,0x001F0003) And Name is HDAS
162:212  0:000  Name HDAS present at 0x2FB, renaming to HDEF
162:212  0:000  Name HDAS present at 0x311, renaming to HDEF
162:212  0:000  Name HDAS present at 0x327, renaming to HDEF
162:212  0:000  Name HDAS present at 0xC9F3, renaming to HDEF
162:212  0:000  Name HDAS present at 0xE034, renaming to HDEF
162:212  0:000  Name HDAS present at 0xE0BC, renaming to HDEF
162:212  0:000  Name HDAS present at 0xE0CD, renaming to HDEF
162:212  0:000  Name HDAS present at 0xE0FC, renaming to HDEF
162:212  0:000  Name HDAS present at 0xE132, renaming to HDEF
162:212  0:000  Name HDAS present at 0xE19C, renaming to HDEF
162:212  0:000  Name HDAS present at 0xE245, renaming to HDEF
162:212  0:000  Name HDAS present at 0xE30C, renaming to HDEF
162:213  0:000  Name HDAS present at 0x1F067, renaming to HDEF
162:213  0:000  Name HDAS present at 0x20492, renaming to HDEF
162:213  0:000  Start HDMI-944475280 Fix
162:213  0:000  have no HDMI device while HDMIADR2=1
162:213  0:000  HDMIADR1=10000 HDMIADR2=1
162:213  0:000    with default properties
162:213  0:000  Start USB Fix
162:213  0:000  USB bridge[140000] at D5BD, size = 665
162:214  0:000  Start _WAK Return Fix
162:214  0:000  _WAK Method find return data, don't need to patch.
162:214  0:000  return len=2555C
162:214  0:000   deleting device CRT_
162:214  0:000   deleting device DVI_
162:214  0:000   deleting device SPKR
162:215  0:000   deleting device ECP_
162:215  0:000   deleting device LPT_
162:215  0:000   deleting device FDC0
162:216  0:000   deleting device ECP1
162:216  0:000   deleting device LPT1
162:217  0:001  Start PNLF Fix
162:218  0:000  found PWRB at 24764
162:218  0:000  Start _S3D Fix
162:218  0:000    indirect name=PNVB
162:218  0:000  OperationRegion (THBA...) corrected to addr=0xFE200000
162:218  0:000    indirect name=RAMB
162:218  0:000    indirect name=RAMA
162:218  0:000    indirect name=TPMM
162:218  0:000    indirect name=FTPM
162:218  0:000    indirect name=PPIM
162:218  0:000  Start ADP1 fix
162:219  0:000  no device(AC) exists
162:219  0:000  Start Darwin Fix
162:219  0:000  Name _OSI present at 0xB803, renaming to OOSI
162:219  0:000  Name _OSI present at 0x13C79, renaming to OOSI
162:219  0:000  Name _OSI present at 0x13C80, renaming to OOSI
162:219  0:000  Name _OSI present at 0x13C9C, renaming to OOSI
162:219  0:000  Name _OSI present at 0x13CBC, renaming to OOSI
162:219  0:000  Name _OSI present at 0x13CDC, renaming to OOSI
162:219  0:000  Name _OSI present at 0x13CFA, renaming to OOSI
162:219  0:000  Name _OSI present at 0x13D16, renaming to OOSI
162:219  0:000  Name _OSI present at 0x13D32, renaming to OOSI
162:219  0:000  Name _OSI present at 0x13D4E, renaming to OOSI
162:219  0:000  Name _OSI present at 0x13D6A, renaming to OOSI
162:219  0:000  Start SHUTDOWN Fix len=25632
162:220  0:000  PreCleanup XSDT: count=23, length=220
162:220  0:000  PreCleanup XSDT, corrected XSDT: count=23, length=220
162:220  0:000  === [ ACPIDropTables ] ====================================
162:220  0:000  0. [Add _SUN property for GIGE]: disabled
162:220  0:000  1. [Rename GFX0 to IGPU]: pattern 47465830, bin not found / already patched!
162:220  0:000  2. [Rename HDEF to AZAL]: disabled
162:220  0:000  3. [Rename oem _DSM to ZDSM]: pattern 5F44534D, bin not found / already patched!
162:220  0:000  4. [Rename HECI to IMEI]: pattern 48454349, bin not found / already patched!
162:220  0:000  Name: PXSX, Bridge: RP01, Replace: ARPT
162:220  0:000    0 replacements
162:220  0:000  0. [Add _SUN property for GIGE]: disabled
162:220  0:000  1. [Rename GFX0 to IGPU]: pattern 47465830, patched at: [ (2D) (20) (46) (2A0) (25B5) (1D) (6EC) ]
162:220  0:000  2. [Rename HDEF to AZAL]: disabled
162:220  0:000  3. [Rename oem _DSM to ZDSM]: pattern 5F44534D, patched at: [ (2B34) ]
162:220  0:000  4. [Rename HECI to IMEI]: pattern 48454349, bin not found / already patched!
162:220  0:000  Name: PXSX, Bridge: RP01, Replace: ARPT
162:220  0:000    0 replacements
162:220  0:000  Found OperationRegion(SANV, SystemMemory, C7621418, ...)
162:220  0:000  0. [Add _SUN property for GIGE]: disabled
162:220  0:000  1. [Rename GFX0 to IGPU]: pattern 47465830, bin not found / already patched!
162:220  0:000  2. [Rename HDEF to AZAL]: disabled
162:220  0:000  3. [Rename oem _DSM to ZDSM]: pattern 5F44534D, patched at: [ (469) (341) (33B) ]
162:220  0:000  4. [Rename HECI to IMEI]: pattern 48454349, bin not found / already patched!
162:220  0:000  Name: PXSX, Bridge: RP01, Replace: ARPT
162:220  0:000    0 replacements
162:220  0:000  0. [Add _SUN property for GIGE]: disabled
162:220  0:000  1. [Rename GFX0 to IGPU]: pattern 47465830, the patch is too large!
162:220  0:000  2. [Rename HDEF to AZAL]: disabled
162:220  0:000  3. [Rename oem _DSM to ZDSM]: pattern 5F44534D, the patch is too large!
162:220  0:000  4. [Rename HECI to IMEI]: pattern 48454349, the patch is too large!
162:220  0:000  Name: PXSX, Bridge: RP01, Replace: ARPT
162:220  0:000    0 replacements
162:220  0:000  0. [Add _SUN property for GIGE]: disabled
162:220  0:000  1. [Rename GFX0 to IGPU]: pattern 47465830, bin not found / already patched!
162:220  0:000  2. [Rename HDEF to AZAL]: disabled
162:220  0:000  3. [Rename oem _DSM to ZDSM]: pattern 5F44534D, bin not found / already patched!
162:220  0:000  4. [Rename HECI to IMEI]: pattern 48454349, bin not found / already patched!
162:220  0:000  Name: PXSX, Bridge: RP01, Replace: ARPT
162:220  0:000    0 replacements
162:220  0:000  0. [Add _SUN property for GIGE]: disabled
162:220  0:000  1. [Rename GFX0 to IGPU]: pattern 47465830, bin not found / already patched!
162:220  0:000  2. [Rename HDEF to AZAL]: disabled
162:220  0:000  3. [Rename oem _DSM to ZDSM]: pattern 5F44534D, bin not found / already patched!
162:220  0:000  4. [Rename HECI to IMEI]: pattern 48454349, bin not found / already patched!
162:220  0:000  Name: PXSX, Bridge: RP01, Replace: ARPT
162:220  0:000    0 replacements
162:220  0:000  0. [Add _SUN property for GIGE]: disabled
162:220  0:000  1. [Rename GFX0 to IGPU]: pattern 47465830, bin not found / already patched!
162:220  0:000  2. [Rename HDEF to AZAL]: disabled
162:220  0:000  3. [Rename oem _DSM to ZDSM]: pattern 5F44534D, bin not found / already patched!
162:220  0:000  4. [Rename HECI to IMEI]: pattern 48454349, bin not found / already patched!
162:220  0:000  Name: PXSX, Bridge: RP01, Replace: ARPT
162:220  0:000    0 replacements
162:220  0:000  Found OperationRegion(PNVS, SystemMemory, B981B000, ...)
162:220  0:000  0. [Add _SUN property for GIGE]: disabled
162:220  0:000  1. [Rename GFX0 to IGPU]: pattern 47465830, bin not found / already patched!
162:220  0:000  2. [Rename HDEF to AZAL]: disabled
162:220  0:000  3. [Rename oem _DSM to ZDSM]: pattern 5F44534D, bin not found / already patched!
162:220  0:000  4. [Rename HECI to IMEI]: pattern 48454349, bin not found / already patched!
162:220  0:000  Name: PXSX, Bridge: RP01, Replace: ARPT
162:220  0:000    0 replacements
162:220  0:000  0. [Add _SUN property for GIGE]: disabled
162:220  0:000  1. [Rename GFX0 to IGPU]: pattern 47465830, bin not found / already patched!
162:220  0:000  2. [Rename HDEF to AZAL]: disabled
162:220  0:000  3. [Rename oem _DSM to ZDSM]: pattern 5F44534D, patched at: [ (A5) ]
162:220  0:000  4. [Rename HECI to IMEI]: pattern 48454349, bin not found / already patched!
162:220  0:000  Name: PXSX, Bridge: RP01, Replace: ARPT
162:220  0:000    0 replacements
162:220  0:000  0. [Add _SUN property for GIGE]: disabled
162:220  0:000  1. [Rename GFX0 to IGPU]: pattern 47465830, bin not found / already patched!
162:220  0:000  2. [Rename HDEF to AZAL]: disabled
162:220  0:000  3. [Rename oem _DSM to ZDSM]: pattern 5F44534D, bin not found / already patched!
162:220  0:000  4. [Rename HECI to IMEI]: pattern 48454349, bin not found / already patched!
162:220  0:000  Name: PXSX, Bridge: RP01, Replace: ARPT
162:220  0:000    0 replacements
162:220  0:000  0. [Add _SUN property for GIGE]: disabled
162:220  0:000  1. [Rename GFX0 to IGPU]: pattern 47465830, bin not found / already patched!
162:220  0:000  2. [Rename HDEF to AZAL]: disabled
162:220  0:000  3. [Rename oem _DSM to ZDSM]: pattern 5F44534D, bin not found / already patched!
162:220  0:000  4. [Rename HECI to IMEI]: pattern 48454349, bin not found / already patched!
162:220  0:000  Name: PXSX, Bridge: RP01, Replace: ARPT
162:220  0:000  found Name @ 0x38
162:220  0:000  found Name @ 0x4E
162:220  0:000  found Name @ 0x9E
162:220  0:000  found Name @ 0x2E7
162:220  0:000    2 replacements
162:220  0:000  CPUBase=0 and ApicCPUBase=1 ApicCPUNum=1
162:220  0:000  Maximum control=0x24
162:220  0:000  Turbo control=0x2A
162:220  0:000  P-States: min 0x8, max 0x2A
162:220  0:000  SSDT with CPU P-States and plugin-type generated successfully
162:220  0:000  SSDT with CPU C-States generated successfully
162:220  0:000  Cleanup XSDT: count=25, length=236
162:220  0:000  corrected XSDT count=25, length=236
162:220  0:000  === [ RestSetup macOS ] ===================================
162:220  0:000  EdidDiscovered size=0
162:220  0:000  NVidia GFX injection not set
162:220  0:000   RCBA disabled; cannot use it
162:220  0:000  CurrentMode: Width=800 Height=600
162:220  0:000  Beginning FSInjection
FSInjectionInstall ...
- Our FSI_SIMPLE_FILE_SYSTEM_PROTOCOL installed on handle: C3351F18
FSInjectionInstall ...
- Our FSI_SIMPLE_FILE_SYSTEM_PROTOCOL installed on handle: C3351F18
162:237  0:016  Use origin smbios table type 1 guid.
162:260  0:023  Preparing kexts injection for arch=x86_64 from EFI\CLOVER\kexts\Other
162:260  0:000  Extra kext: EFI\CLOVER\kexts\Other\FakeSMC_LPCSensors.kext (v.1787)
162:296  0:035  Extra kext: EFI\CLOVER\kexts\Other\FakeSMC_GPUSensors.kext (v.1787)
162:301  0:005  Extra kext: EFI\CLOVER\kexts\Other\FakeSMC_CPUSensors.kext (v.1787)
162:306  0:005  Extra kext: EFI\CLOVER\kexts\Other\FakeSMC_ACPISensors.kext (v.1787)
162:312  0:005  Extra kext: EFI\CLOVER\kexts\Other\RealtekRTL8100.kext (v.2.0.0)
162:331  0:019  Extra kext: EFI\CLOVER\kexts\Other\AppleHDA.kext (v.278.56)
162:373  0:041    |-- PlugIn kext: EFI\CLOVER\kexts\Other\AppleHDA.kext\Contents\PlugIns\AppleHDAController.kext (v.278.56)
162:413  0:039    |-- PlugIn kext: EFI\CLOVER\kexts\Other\AppleHDA.kext\Contents\PlugIns\DspFuncLib.kext (v.278.56)
162:443  0:030    |-- PlugIn kext: EFI\CLOVER\kexts\Other\AppleHDA.kext\Contents\PlugIns\AppleHDAHardwareConfigDriver.kext (v.278.56)
162:461  0:018    |-- PlugIn kext: EFI\CLOVER\kexts\Other\AppleHDA.kext\Contents\PlugIns\AppleMikeyDriver.kext (v.278.56)
162:478  0:017    |-- PlugIn kext: EFI\CLOVER\kexts\Other\AppleHDA.kext\Contents\PlugIns\IOHDAFamily.kext (v.278.56)
162:522  0:043  Extra kext: EFI\CLOVER\kexts\Other\HibernationFixup.kext (v.1.2.3)
162:544  0:022  Extra kext: EFI\CLOVER\kexts\Other\HDAEnabler.kext (v.1.0.0d1)
162:566  0:021  Extra kext: EFI\CLOVER\kexts\Other\WhateverGreen.kext (v.1.2.3)
162:611  0:045  Extra kext: EFI\CLOVER\kexts\Other\FakeSMC.kext (v.1787)
162:644  0:032  Extra kext: EFI\CLOVER\kexts\Other\USBInjectAll.kext (v.0.6.7)
162:697  0:053  Extra kext: EFI\CLOVER\kexts\Other\Lilu.kext (v.1.2.7)
162:704  0:007  Extra kext: EFI\CLOVER\kexts\Other\AppleALC.kext (v.1.3.2)
162:753  0:049  Preparing kexts injection for arch=x86_64 from EFI\CLOVER\kexts\10.14
162:759  0:005  Custom boot screen not used because entry has unset use graphics
162:762  0:003  Closing log
